<?xml version="1.0" encoding="UTF-8"?>
<robot generator="Robot 5.0.1 (Python 3.10.7 on win32)" generated="20221010 21:57:53.413" rpa="false" schemaversion="3">
<suite id="s1" name="Day1" source="C:\Users\DANIEL\Desktop\Basic\Suites\day1.robot">
<test id="s1-t1" name="User Should Be Able To Open Google Chrome Browser" line="7">
<kw name="Open Browser With Google Chrome" library="Demoblaze_keywords" type="SETUP">
<kw name="Open Browser" library="SeleniumLibrary">
<arg>url=${DEMOBLAZE_URL}</arg>
<arg>browser=${CHROME_BROWSER}</arg>
<doc>Opens a new browser instance to the optional ``url``.</doc>
<msg timestamp="20221010 21:57:53.623" level="INFO">Opening browser 'gc' to base url 'https://www.demoblaze.com/index.html'.</msg>
<status status="PASS" starttime="20221010 21:57:53.623" endtime="20221010 21:57:57.720"/>
</kw>
<status status="PASS" starttime="20221010 21:57:53.622" endtime="20221010 21:57:57.721"/>
</kw>
<kw name="Verify Demoblaze Logo Appears" library="Demoblaze_keywords">
<kw name="Element Should Be Visible" library="SeleniumLibrary">
<arg>${Logo}</arg>
<doc>Verifies that the element identified by ``locator`` is visible.</doc>
<msg timestamp="20221010 21:57:57.804" level="INFO">Element '//*[@id="nava"]' is displayed.</msg>
<status status="PASS" starttime="20221010 21:57:57.721" endtime="20221010 21:57:57.804"/>
</kw>
<status status="PASS" starttime="20221010 21:57:57.721" endtime="20221010 21:57:57.804"/>
</kw>
<kw name="Close Google Chrome Browser" library="Demoblaze_keywords" type="TEARDOWN">
<kw name="Close Browser" library="SeleniumLibrary">
<doc>Closes the current browser.</doc>
<status status="PASS" starttime="20221010 21:57:57.806" endtime="20221010 21:58:00.022"/>
</kw>
<status status="PASS" starttime="20221010 21:57:57.805" endtime="20221010 21:58:00.022"/>
</kw>
<status status="PASS" starttime="20221010 21:57:53.622" endtime="20221010 21:58:00.023"/>
</test>
<test id="s1-t2" name="Verify Top Menu Button" line="10">
<kw name="Open Browser With Google Chrome" library="Demoblaze_keywords" type="SETUP">
<kw name="Open Browser" library="SeleniumLibrary">
<arg>url=${DEMOBLAZE_URL}</arg>
<arg>browser=${CHROME_BROWSER}</arg>
<doc>Opens a new browser instance to the optional ``url``.</doc>
<msg timestamp="20221010 21:58:00.025" level="INFO">Opening browser 'gc' to base url 'https://www.demoblaze.com/index.html'.</msg>
<status status="PASS" starttime="20221010 21:58:00.025" endtime="20221010 21:58:05.389"/>
</kw>
<status status="PASS" starttime="20221010 21:58:00.025" endtime="20221010 21:58:05.389"/>
</kw>
<kw name="Verify Top Menu Button Appears" library="Demoblaze_keywords">
<kw name="Element Should Be Visible" library="SeleniumLibrary">
<arg>${Home_Button}</arg>
<doc>Verifies that the element identified by ``locator`` is visible.</doc>
<msg timestamp="20221010 21:58:05.616" level="INFO" html="true">&lt;/td&gt;&lt;/tr&gt;&lt;tr&gt;&lt;td colspan="3"&gt;&lt;a href="selenium-screenshot-4.png"&gt;&lt;img src="selenium-screenshot-4.png" width="800px"&gt;&lt;/a&gt;</msg>
<msg timestamp="20221010 21:58:05.616" level="FAIL">InvalidSelectorException: Message: invalid selector: Unable to locate an element with the xpath expression //*[countains{text{}, ="home"}] because of the following error:
SyntaxError: Failed to execute 'evaluate' on 'Document': The string '//*[countains{text{}, ="home"}]' is not a valid XPath expression.
  (Session info: chrome=106.0.5249.91)
Stacktrace:
Backtrace:
	Ordinal0 [0x00DC1ED3+2236115]
	Ordinal0 [0x00D592F1+1807089]
	Ordinal0 [0x00C666FD+812797]
	Ordinal0 [0x00C692B4+823988]
	Ordinal0 [0x00C69165+823653]
	Ordinal0 [0x00C69400+824320]
	Ordinal0 [0x00C95352+1004370]
	Ordinal0 [0x00C957CB+1005515]
	Ordinal0 [0x00CC766C+1209964]
	Ordinal0 [0x00CB1AD4+1120980]
	Ordinal0 [0x00CC59E2+1202658]
	Ordinal0 [0x00CB18A6+1120422]
	Ordinal0 [0x00C8A73D+960317]
	Ordinal0 [0x00C8B71F+964383]
	GetHandleVerifier [0x0106E7E2+2743074]
	GetHandleVerifier [0x010608D4+2685972]
	GetHandleVerifier [0x00E52BAA+532202]
	GetHandleVerifier [0x00E51990+527568]
	Ordinal0 [0x00D6080C+1837068]
	Ordinal0 [0x00D64CD8+1854680]
	Ordinal0 [0x00D64DC5+1854917]
	Ordinal0 [0x00D6ED64+1895780]
	BaseThreadInitThunk [0x770DFA29+25]
	RtlGetAppContainerNamedObjectPath [0x779C7B5E+286]
	RtlGetAppContainerNamedObjectPath [0x779C7B2E+238]
</msg>
<status status="FAIL" starttime="20221010 21:58:05.389" endtime="20221010 21:58:05.618"/>
</kw>
<status status="FAIL" starttime="20221010 21:58:05.389" endtime="20221010 21:58:05.619"/>
</kw>
<kw name="Verify Banner Appears" library="Demoblaze_keywords">
<status status="NOT RUN" starttime="20221010 21:58:05.619" endtime="20221010 21:58:05.619"/>
</kw>
<kw name="Close Google Chrome Browser" library="Demoblaze_keywords" type="TEARDOWN">
<kw name="Close Browser" library="SeleniumLibrary">
<doc>Closes the current browser.</doc>
<status status="PASS" starttime="20221010 21:58:05.620" endtime="20221010 21:58:07.794"/>
</kw>
<status status="PASS" starttime="20221010 21:58:05.620" endtime="20221010 21:58:07.794"/>
</kw>
<status status="FAIL" starttime="20221010 21:58:00.024" endtime="20221010 21:58:07.795">InvalidSelectorException: Message: invalid selector: Unable to locate an element with the xpath expression //*[countains{text{}, ="home"}] because of the following error:
SyntaxError: Failed to execute 'evaluate' on 'Document': The string '//*[countains{text{}, ="home"}]' is not a valid XPath expression.
  (Session info: chrome=106.0.5249.91)
Stacktrace:
Backtrace:
	Ordinal0 [0x00DC1ED3+2236115]
	Ordinal0 [0x00D592F1+1807089]
	Ordinal0 [0x00C666FD+812797]
	Ordinal0 [0x00C692B4+823988]
	Ordinal0 [0x00C69165+823653]
	Ordinal0 [0x00C69400+824320]
	Ordinal0 [0x00C95352+1004370]
	Ordinal0 [0x00C957CB+1005515]
	Ordinal0 [0x00CC766C+1209964]
	Ordinal0 [0x00CB1AD4+1120980]
	Ordinal0 [0x00CC59E2+1202658]
	Ordinal0 [0x00CB18A6+1120422]
	Ordinal0 [0x00C8A73D+960317]
	Ordinal0 [0x00C8B71F+964383]
	GetHandleVerifier [0x0106E7E2+2743074]
	GetHandleVerifier [0x010608D4+2685972]
	GetHandleVerifier [0x00E52BAA+532202]
	GetHandleVerifier [0x00E51990+527568]
	Ordinal0 [0x00D6080C+1837068]
	Ordinal0 [0x00D64CD8+1854680]
	Ordinal0 [0x00D64DC5+1854917]
	Ordinal0 [0x00D6ED64+1895780]
	BaseThreadInitThunk [0x770DFA29+25]
	RtlGetAppContainerNamedObjectPath [0x779C7B5E+286]
	RtlGetAppContainerNamedObjectPath [0x779C7B2E+238]
</status>
</test>
<test id="s1-t3" name="User Should Be Able To Login" line="14">
<kw name="Open Browser With Google Chrome" library="Demoblaze_keywords" type="SETUP">
<kw name="Open Browser" library="SeleniumLibrary">
<arg>url=${DEMOBLAZE_URL}</arg>
<arg>browser=${CHROME_BROWSER}</arg>
<doc>Opens a new browser instance to the optional ``url``.</doc>
<msg timestamp="20221010 21:58:07.802" level="INFO">Opening browser 'gc' to base url 'https://www.demoblaze.com/index.html'.</msg>
<status status="PASS" starttime="20221010 21:58:07.801" endtime="20221010 21:58:13.223"/>
</kw>
<status status="PASS" starttime="20221010 21:58:07.801" endtime="20221010 21:58:13.224"/>
</kw>
<kw name="Click Login Button In Homepage" library="Demoblaze_keywords">
<kw name="Click Element" library="SeleniumLibrary">
<arg>${Login_Button}</arg>
<doc>Click the element identified by ``locator``.</doc>
<msg timestamp="20221010 21:58:13.225" level="INFO">Clicking element '//*[@id="login2"]'.</msg>
<status status="PASS" starttime="20221010 21:58:13.225" endtime="20221010 21:58:13.303"/>
</kw>
<status status="PASS" starttime="20221010 21:58:13.224" endtime="20221010 21:58:13.304"/>
</kw>
<kw name="Input Username" library="Demoblaze_keywords">
<kw name="Wait Until Element Is Visible" library="SeleniumLibrary">
<arg>${TextBox_Username}</arg>
<doc>Waits until the element ``locator`` is visible.</doc>
<status status="PASS" starttime="20221010 21:58:13.305" endtime="20221010 21:58:13.560"/>
</kw>
<kw name="Input Text" library="SeleniumLibrary">
<arg>${TextBox_Username}</arg>
<arg>text=test4567</arg>
<doc>Types the given ``text`` into the text field identified by ``locator``.</doc>
<msg timestamp="20221010 21:58:13.561" level="INFO">Typing text 'test4567' into text field '//*[@id="loginusername"]'.</msg>
<status status="PASS" starttime="20221010 21:58:13.560" endtime="20221010 21:58:13.680"/>
</kw>
<status status="PASS" starttime="20221010 21:58:13.304" endtime="20221010 21:58:13.680"/>
</kw>
<kw name="Input Password" library="Demoblaze_keywords">
<kw name="Input Text" library="SeleniumLibrary">
<arg>${TextBox_password}</arg>
<arg>text=test4</arg>
<doc>Types the given ``text`` into the text field identified by ``locator``.</doc>
<msg timestamp="20221010 21:58:13.684" level="INFO">Typing text 'test4' into text field '//*[@id="loginpassword"]'.</msg>
<status status="PASS" starttime="20221010 21:58:13.682" endtime="20221010 21:58:13.807"/>
</kw>
<status status="PASS" starttime="20221010 21:58:13.681" endtime="20221010 21:58:13.808"/>
</kw>
<kw name="Click Login Button In Login Popup" library="Demoblaze_keywords">
<kw name="Click Element" library="SeleniumLibrary">
<arg>${Login_Button_inPopup}</arg>
<doc>Click the element identified by ``locator``.</doc>
<msg timestamp="20221010 21:58:13.809" level="INFO">Clicking element '//*[@type="button" and contains(text(), 'Log in')]'.</msg>
<status status="PASS" starttime="20221010 21:58:13.809" endtime="20221010 21:58:13.870"/>
</kw>
<status status="PASS" starttime="20221010 21:58:13.808" endtime="20221010 21:58:13.870"/>
</kw>
<kw name="Close Google Chrome Browser" library="Demoblaze_keywords" type="TEARDOWN">
<kw name="Close Browser" library="SeleniumLibrary">
<doc>Closes the current browser.</doc>
<status status="PASS" starttime="20221010 21:58:13.872" endtime="20221010 21:58:16.072"/>
</kw>
<status status="PASS" starttime="20221010 21:58:13.871" endtime="20221010 21:58:16.072"/>
</kw>
<status status="PASS" starttime="20221010 21:58:07.800" endtime="20221010 21:58:16.073"/>
</test>
<status status="FAIL" starttime="20221010 21:57:53.416" endtime="20221010 21:58:16.076"/>
</suite>
<statistics>
<total>
<stat pass="2" fail="1" skip="0">All Tests</stat>
</total>
<tag>
</tag>
<suite>
<stat pass="2" fail="1" skip="0" id="s1" name="Day1">Day1</stat>
</suite>
</statistics>
<errors>
</errors>
</robot>
